SF:lib\data\models\movie_model.dart
DA:5,4
DA:35,4
DA:36,2
DA:37,2
DA:38,8
DA:39,2
DA:40,2
DA:41,2
DA:42,4
DA:43,2
DA:44,2
DA:45,2
DA:46,2
DA:47,4
DA:48,2
DA:51,2
DA:52,1
DA:53,1
DA:54,4
DA:55,1
DA:56,1
DA:57,1
DA:58,1
DA:59,1
DA:60,1
DA:61,1
DA:62,1
DA:63,1
DA:64,1
DA:67,2
DA:68,2
DA:69,2
DA:70,2
DA:71,2
DA:72,2
DA:73,2
DA:74,2
DA:75,2
DA:76,2
DA:77,2
DA:78,2
DA:79,2
DA:80,2
DA:81,2
DA:85,2
DA:86,2
DA:87,2
DA:88,2
DA:89,2
DA:90,2
DA:91,2
DA:92,2
DA:93,2
DA:94,2
DA:95,2
DA:96,2
DA:97,2
DA:98,2
DA:99,2
LF:59
LH:59
end_of_record
SF:lib\domain\entities\movie.dart
DA:5,10
DA:21,1
DA:42,8
DA:43,8
DA:44,8
DA:45,8
DA:46,8
DA:47,8
DA:48,8
DA:49,8
DA:50,8
DA:51,8
DA:52,8
DA:53,8
DA:54,8
DA:55,8
DA:56,8
LF:17
LH:17
end_of_record
SF:lib\common\exception.dart
DA:6,4
LF:1
LH:1
end_of_record
SF:lib\common\failure.dart
DA:6,16
DA:8,2
DA:9,4
DA:13,32
DA:17,4
DA:21,8
LF:6
LH:6
end_of_record
SF:lib\data\datasources\db\database_helper.dart
DA:9,0
DA:13,0
DA:17,0
DA:19,0
DA:27,0
DA:28,0
DA:29,0
DA:31,0
DA:35,0
DA:36,0
DA:43,0
DA:44,0
DA:51,0
DA:54,0
DA:55,0
DA:56,0
DA:59,0
DA:60,0
DA:61,0
DA:64,0
DA:68,0
DA:69,0
DA:70,0
DA:73,0
DA:76,0
DA:77,0
DA:83,0
DA:84,0
DA:85,0
DA:90,0
DA:91,0
DA:92,0
DA:95,0
DA:96,0
DA:97,0
DA:100,0
DA:104,0
DA:105,0
DA:106,0
DA:109,0
DA:112,0
DA:113,0
DA:119,0
DA:120,0
DA:122,0
LF:45
LH:0
end_of_record
SF:lib\data\models\movie_table.dart
DA:11,2
DA:18,2
DA:19,1
DA:20,1
DA:21,1
DA:22,1
DA:25,2
DA:26,1
DA:27,1
DA:28,1
DA:29,1
DA:32,0
DA:33,0
DA:34,0
DA:35,0
DA:36,0
DA:39,2
DA:40,1
DA:41,1
DA:42,1
DA:43,1
DA:46,2
DA:47,10
LF:23
LH:18
end_of_record
SF:lib\data\models\tvseries_table.dart
DA:11,2
DA:18,2
DA:19,1
DA:20,1
DA:21,1
DA:22,1
DA:25,2
DA:26,1
DA:27,1
DA:28,1
DA:29,1
DA:32,0
DA:33,0
DA:34,0
DA:35,0
DA:36,0
DA:39,2
DA:40,1
DA:41,1
DA:42,1
DA:43,1
DA:46,2
DA:47,10
LF:23
LH:18
end_of_record
SF:lib\data\datasources\movie_local_data_source.dart
DA:15,1
DA:18,1
DA:20,3
DA:23,2
DA:28,1
DA:30,3
DA:33,2
DA:38,1
DA:39,3
DA:41,1
DA:48,1
DA:49,3
DA:50,4
LF:13
LH:13
end_of_record
SF:lib\data\datasources\movie_remote_data_source.dart
DA:24,1
DA:27,1
DA:29,5
DA:31,2
DA:32,4
DA:34,1
DA:39,1
DA:41,5
DA:43,2
DA:44,3
DA:46,1
DA:51,1
DA:52,2
DA:53,3
DA:55,2
DA:56,4
DA:58,1
DA:63,1
DA:65,5
DA:67,2
DA:68,4
DA:70,1
DA:75,1
DA:77,5
DA:79,2
DA:80,4
DA:82,1
DA:87,1
DA:88,2
DA:89,3
DA:91,2
DA:92,4
DA:94,1
LF:33
LH:33
end_of_record
SF:lib\data\models\movie_detail_model.dart
DA:6,2
DA:52,1
DA:53,1
DA:54,1
DA:55,1
DA:56,1
DA:57,1
DA:58,4
DA:59,1
DA:60,1
DA:61,1
DA:62,1
DA:63,1
DA:64,1
DA:65,2
DA:66,1
DA:67,1
DA:68,1
DA:69,1
DA:70,1
DA:71,1
DA:72,1
DA:73,1
DA:74,2
DA:75,1
DA:78,0
DA:79,0
DA:80,0
DA:81,0
DA:82,0
DA:83,0
DA:84,0
DA:85,0
DA:86,0
DA:87,0
DA:88,0
DA:89,0
DA:90,0
DA:91,0
DA:92,0
DA:93,0
DA:94,0
DA:95,0
DA:96,0
DA:97,0
DA:98,0
DA:99,0
DA:102,1
DA:103,1
DA:104,1
DA:105,1
DA:106,5
DA:107,1
DA:108,1
DA:109,1
DA:110,1
DA:111,1
DA:112,1
DA:113,1
DA:114,1
DA:115,1
DA:119,1
DA:120,1
DA:121,1
DA:122,1
DA:123,1
DA:124,1
DA:125,1
DA:126,1
DA:127,1
DA:128,1
DA:129,1
DA:130,1
DA:131,1
DA:132,1
DA:133,1
DA:134,1
DA:135,1
DA:136,1
DA:137,1
DA:138,1
DA:139,1
DA:140,1
DA:141,1
LF:84
LH:62
end_of_record
SF:lib\data\models\movie_response.dart
DA:7,2
DA:9,4
DA:10,4
DA:11,6
DA:12,6
DA:15,2
DA:16,5
DA:19,1
DA:20,2
LF:9
LH:9
end_of_record
SF:lib\data\datasources\tvseries_local_datasource.dart
DA:15,1
DA:18,1
DA:20,3
DA:23,2
DA:28,1
DA:30,3
DA:33,2
DA:38,1
DA:39,3
DA:41,1
DA:48,1
DA:49,3
DA:50,4
LF:13
LH:13
end_of_record
SF:lib\data\datasources\tvseries_remote_datasource.dart
DA:24,1
DA:27,1
DA:29,5
DA:31,2
DA:32,4
DA:34,1
DA:39,1
DA:41,5
DA:43,2
DA:44,4
DA:46,1
DA:51,1
DA:53,5
DA:55,2
DA:56,4
DA:58,1
DA:63,1
DA:64,5
DA:66,2
DA:67,3
DA:69,1
DA:74,1
DA:75,2
DA:76,3
DA:78,2
DA:79,4
DA:81,1
DA:86,1
DA:87,2
DA:88,3
DA:90,2
DA:91,4
DA:93,1
LF:33
LH:33
end_of_record
SF:lib\data\models\tvseries_detail_model.dart
DA:7,3
DA:41,1
DA:42,1
DA:43,1
DA:44,1
DA:45,1
DA:46,1
DA:47,1
DA:48,4
DA:49,1
DA:50,1
DA:51,1
DA:52,1
DA:53,1
DA:54,2
DA:55,1
DA:56,1
DA:57,4
DA:58,2
DA:59,1
DA:62,0
DA:63,0
DA:64,0
DA:65,0
DA:66,0
DA:67,0
DA:68,0
DA:69,0
DA:70,0
DA:71,0
DA:72,0
DA:73,0
DA:74,0
DA:75,0
DA:76,0
DA:77,0
DA:80,2
DA:81,2
DA:82,2
DA:83,2
DA:84,2
DA:85,2
DA:86,10
DA:87,2
DA:88,2
DA:89,2
DA:90,2
DA:91,2
DA:92,2
DA:93,2
DA:94,10
DA:95,2
DA:96,2
DA:100,1
DA:101,1
DA:102,1
DA:103,1
DA:104,1
DA:105,1
DA:106,1
DA:107,1
DA:108,1
DA:109,1
DA:110,1
DA:111,1
DA:112,1
DA:113,1
DA:114,1
DA:115,1
DA:116,1
LF:70
LH:54
end_of_record
SF:lib\data\models\tvseries_model.dart
DA:6,5
DA:36,4
DA:37,2
DA:38,8
DA:39,2
DA:40,2
DA:41,2
DA:42,8
DA:43,2
DA:44,2
DA:45,2
DA:46,4
DA:47,2
DA:48,4
DA:49,2
DA:52,2
DA:53,1
DA:54,4
DA:55,1
DA:56,1
DA:57,1
DA:58,4
DA:59,1
DA:60,1
DA:61,1
DA:62,1
DA:63,1
DA:64,1
DA:65,1
DA:68,3
DA:69,3
DA:70,3
DA:71,3
DA:72,3
DA:73,3
DA:74,3
DA:75,3
DA:76,3
DA:77,3
DA:78,3
DA:79,3
DA:80,3
DA:81,3
DA:82,3
DA:87,2
DA:88,2
DA:89,2
DA:90,2
DA:91,2
DA:92,2
DA:93,2
DA:94,2
DA:95,2
DA:96,2
DA:97,2
DA:98,2
DA:99,2
DA:100,2
DA:101,2
LF:59
LH:59
end_of_record
SF:lib\data\models\tvseries_reesponse.dart
DA:7,2
DA:9,2
DA:10,2
DA:11,4
DA:12,6
DA:13,6
DA:16,2
DA:17,5
DA:20,1
DA:21,2
LF:10
LH:10
end_of_record
SF:lib\data\models\genre_model.dart
DA:5,5
DA:13,4
DA:14,2
DA:15,2
DA:18,0
DA:19,0
DA:20,0
DA:23,3
DA:24,9
DA:27,2
DA:28,6
LF:11
LH:8
end_of_record
SF:lib\domain\entities\genre.dart
DA:4,14
DA:12,4
DA:13,12
LF:3
LH:3
end_of_record
SF:lib\domain\entities\movie_detail.dart
DA:5,7
DA:33,2
DA:34,2
DA:35,2
DA:36,2
DA:37,2
DA:38,2
DA:39,2
DA:40,2
DA:41,2
DA:42,2
DA:43,2
DA:44,2
DA:45,2
LF:14
LH:14
end_of_record
SF:lib\data\models\season_model.dart
DA:5,3
DA:23,2
DA:24,1
DA:25,1
DA:26,1
DA:27,1
DA:28,1
DA:29,1
DA:30,1
DA:33,0
DA:34,0
DA:35,0
DA:36,0
DA:37,0
DA:38,0
DA:39,0
DA:40,0
DA:43,2
DA:44,2
DA:45,2
DA:46,2
DA:47,2
DA:48,2
DA:49,2
DA:50,2
DA:51,2
DA:55,1
DA:56,1
DA:57,1
DA:58,1
DA:59,1
DA:60,1
DA:61,1
DA:62,1
DA:63,1
LF:35
LH:27
end_of_record
SF:lib\domain\entities\season.dart
DA:4,7
DA:22,2
DA:23,2
DA:24,2
DA:25,2
DA:26,2
DA:27,2
DA:28,2
DA:29,2
DA:30,2
LF:10
LH:10
end_of_record
SF:lib\domain\entities\tvseries_detail.dart
DA:6,7
DA:40,2
DA:41,2
DA:42,2
DA:43,2
DA:44,2
DA:45,2
DA:46,2
DA:47,2
DA:48,2
DA:49,2
DA:50,2
DA:51,2
DA:52,2
DA:53,2
DA:54,2
DA:55,2
DA:56,2
LF:18
LH:18
end_of_record
SF:lib\domain\entities\tvseries.dart
DA:5,10
DA:21,1
DA:42,8
DA:43,8
DA:44,8
DA:45,8
DA:46,8
DA:47,8
DA:48,8
DA:49,8
DA:50,8
DA:51,8
DA:52,8
DA:53,8
DA:54,8
DA:55,8
DA:56,8
LF:17
LH:17
end_of_record
SF:lib\domain\usecases\get_airing_today_tvseries.dart
DA:9,1
DA:11,1
DA:12,2
LF:3
LH:3
end_of_record
SF:lib\domain\usecases\get_movie_detail.dart
DA:9,1
DA:11,1
DA:12,2
LF:3
LH:3
end_of_record
SF:lib\domain\usecases\get_movie_recommendations.dart
DA:9,1
DA:11,1
DA:12,2
LF:3
LH:3
end_of_record
SF:lib\domain\usecases\get_now_playing_movies.dart
DA:9,1
DA:11,1
DA:12,2
LF:3
LH:3
end_of_record
SF:lib\data\repositories\tvseries_repository.dart
DA:17,1
DA:23,1
DA:25,3
DA:26,5
DA:27,1
DA:28,2
DA:29,1
DA:30,2
DA:35,1
DA:37,3
DA:38,5
DA:39,1
DA:40,2
DA:41,1
DA:42,2
DA:47,1
DA:49,3
DA:50,5
DA:51,1
DA:52,2
DA:53,1
DA:54,2
DA:59,1
DA:61,3
DA:62,2
DA:63,1
DA:64,2
DA:65,1
DA:66,2
DA:71,1
DA:74,3
DA:75,3
DA:76,1
DA:77,2
DA:78,1
DA:79,2
DA:84,1
DA:86,3
DA:87,5
DA:88,1
DA:89,2
DA:90,1
DA:91,2
DA:96,1
DA:97,3
DA:98,5
DA:102,1
DA:103,3
DA:108,1
DA:111,2
DA:112,2
DA:113,1
DA:114,1
DA:115,3
DA:120,1
DA:123,2
DA:124,2
DA:125,1
DA:126,1
DA:127,3
LF:60
LH:60
end_of_record
SF:lib\data\repositories\movie_repository_impl.dart
DA:17,1
DA:23,1
DA:25,3
DA:26,5
DA:27,1
DA:28,2
DA:29,1
DA:30,2
DA:35,1
DA:37,3
DA:38,2
DA:39,1
DA:40,2
DA:41,1
DA:42,2
DA:47,1
DA:49,3
DA:50,3
DA:51,1
DA:52,2
DA:53,1
DA:54,2
DA:59,1
DA:61,3
DA:62,5
DA:63,1
DA:64,2
DA:65,1
DA:66,2
DA:71,1
DA:73,3
DA:74,5
DA:75,1
DA:76,2
DA:77,1
DA:78,2
DA:83,1
DA:85,3
DA:86,5
DA:87,1
DA:88,2
DA:89,1
DA:90,2
DA:95,1
DA:98,4
DA:99,1
DA:100,1
DA:101,3
DA:108,1
DA:111,4
DA:112,1
DA:113,1
DA:114,3
DA:119,1
DA:120,3
DA:125,1
DA:126,3
DA:127,5
LF:58
LH:58
end_of_record
SF:lib\domain\usecases\get_popular_movies.dart
DA:9,1
DA:11,1
DA:12,2
LF:3
LH:3
end_of_record
SF:lib\domain\usecases\get_popular_tvseries.dart
DA:9,1
DA:11,1
DA:12,2
LF:3
LH:3
end_of_record
SF:lib\domain\usecases\get_top_rated_movies.dart
DA:9,1
DA:11,1
DA:12,2
LF:3
LH:3
end_of_record
SF:lib\domain\usecases\get_top_rated_tvseries.dart
DA:9,1
DA:11,1
DA:12,2
LF:3
LH:3
end_of_record
SF:lib\domain\usecases\get_tvseries_detail.dart
DA:9,1
DA:11,1
DA:12,2
LF:3
LH:3
end_of_record
SF:lib\domain\usecases\get_tvseries_recomendation.dart
DA:9,1
DA:11,1
DA:12,2
LF:3
LH:3
end_of_record
SF:lib\domain\usecases\get_watchlist_movies.dart
DA:9,1
DA:11,1
DA:12,2
LF:3
LH:3
end_of_record
SF:lib\domain\usecases\get_watchlist_status.dart
DA:6,1
DA:8,1
DA:9,2
LF:3
LH:3
end_of_record
SF:lib\domain\usecases\get_watchlist_tvseries_status.dart
DA:6,1
DA:8,1
DA:9,2
LF:3
LH:3
end_of_record
SF:lib\domain\usecases\get_watchlist_tvseries.dart
DA:9,1
DA:11,1
DA:12,2
LF:3
LH:3
end_of_record
SF:lib\domain\usecases\remove_watchlist.dart
DA:9,1
DA:11,1
DA:12,2
LF:3
LH:3
end_of_record
SF:lib\domain\usecases\remove_watchlist_tvseries.dart
DA:9,1
DA:11,1
DA:12,2
LF:3
LH:3
end_of_record
SF:lib\domain\usecases\save_watchlist.dart
DA:9,1
DA:11,1
DA:12,2
LF:3
LH:3
end_of_record
SF:lib\domain\usecases\save_watchlist_tvseries.dart
DA:9,1
DA:11,1
DA:12,2
LF:3
LH:3
end_of_record
SF:lib\domain\usecases\search_movies.dart
DA:9,1
DA:11,1
DA:12,2
LF:3
LH:3
end_of_record
SF:lib\domain\usecases\search_tvseries.dart
DA:9,1
DA:11,1
DA:12,2
LF:3
LH:3
end_of_record
SF:lib\presentation\bloc\movies_bloc\detail_movie\detail_movie_state.dart
DA:4,2
DA:6,0
DA:7,0
DA:13,2
DA:15,1
DA:16,2
DA:20,1
DA:21,1
DA:25,1
DA:26,1
DA:31,1
DA:33,1
DA:34,2
LF:13
LH:11
end_of_record
SF:lib\presentation\bloc\movies_bloc\detail_movie\detail_movie_event.dart
DA:4,2
DA:10,2
DA:12,1
DA:13,1
LF:4
LH:4
end_of_record
SF:lib\presentation\bloc\movies_bloc\detail_movie\detail_movie_bloc.dart
DA:12,3
DA:13,1
DA:14,1
DA:15,1
DA:17,2
DA:18,3
DA:20,1
DA:21,1
DA:22,3
DA:24,1
DA:25,2
LF:11
LH:11
end_of_record
SF:lib\presentation\bloc\movies_bloc\now_playing_movie\now_playing_movie_state.dart
DA:4,1
DA:6,0
DA:7,0
DA:13,1
DA:15,1
DA:16,2
DA:20,1
DA:21,1
DA:25,1
DA:26,1
DA:32,1
DA:34,1
DA:35,2
LF:13
LH:11
end_of_record
SF:lib\presentation\bloc\movies_bloc\now_playing_movie\now_playing_movie_event.dart
DA:4,1
DA:8,1
DA:9,1
LF:3
LH:3
end_of_record
SF:lib\presentation\bloc\movies_bloc\now_playing_movie\now_playing_movie_bloc.dart
DA:13,1
DA:14,2
DA:15,2
DA:16,2
DA:17,3
DA:19,1
DA:20,1
DA:21,3
DA:23,1
DA:24,1
DA:25,0
DA:27,2
LF:12
LH:11
end_of_record
SF:lib\presentation\bloc\movies_bloc\popular_movie\popular_movie_state.dart
DA:4,2
DA:6,0
DA:7,0
DA:13,1
DA:15,1
DA:16,2
DA:20,1
DA:21,1
DA:25,1
DA:26,1
DA:32,1
DA:34,1
DA:35,2
LF:13
LH:11
end_of_record
SF:lib\presentation\bloc\movies_bloc\popular_movie\popular_movie_bloc.dart
DA:12,3
DA:13,2
DA:14,2
DA:15,3
DA:17,1
DA:18,1
DA:19,3
DA:21,1
DA:22,1
DA:23,0
DA:25,2
LF:11
LH:10
end_of_record
SF:lib\presentation\bloc\movies_bloc\popular_movie\popular_movie_event.dart
DA:4,2
DA:8,1
DA:9,1
LF:3
LH:3
end_of_record
SF:lib\presentation\bloc\movies_bloc\recomendation_movie\recomendation_movie_state.dart
DA:4,2
DA:6,0
DA:7,0
DA:13,2
DA:15,1
DA:16,2
DA:20,1
DA:21,1
DA:25,1
DA:26,1
DA:31,1
DA:33,1
DA:34,2
LF:13
LH:11
end_of_record
SF:lib\presentation\bloc\movies_bloc\recomendation_movie\recomendation_movie_bloc.dart
DA:13,1
DA:14,2
DA:15,2
DA:16,1
DA:18,2
DA:19,3
DA:21,1
DA:22,1
DA:23,3
DA:25,1
DA:26,2
LF:11
LH:11
end_of_record
SF:lib\presentation\bloc\movies_bloc\recomendation_movie\recomendation_movie_event.dart
DA:4,2
DA:10,2
DA:12,1
DA:13,1
LF:4
LH:4
end_of_record
SF:lib\presentation\bloc\movies_bloc\top_rated_movie\top_rated_movie_state.dart
DA:4,2
DA:6,0
DA:7,0
DA:13,1
DA:15,1
DA:16,2
DA:20,1
DA:21,1
DA:25,1
DA:26,1
DA:32,1
DA:34,1
DA:35,2
LF:13
LH:11
end_of_record
SF:lib\presentation\bloc\movies_bloc\top_rated_movie\top_rated_movie_event.dart
DA:4,2
DA:8,1
DA:9,1
LF:3
LH:3
end_of_record
SF:lib\presentation\bloc\movies_bloc\top_rated_movie\top_rated_movie_bloc.dart
DA:13,3
DA:14,2
DA:15,2
DA:16,3
DA:18,1
DA:19,1
DA:20,3
DA:22,1
DA:23,1
DA:24,0
DA:26,2
LF:11
LH:10
end_of_record
SF:lib\presentation\bloc\movies_bloc\search_movie\search_movie_state.dart
DA:4,1
DA:6,1
DA:7,1
DA:13,1
DA:15,1
DA:16,2
DA:26,1
DA:28,1
DA:29,2
LF:9
LH:9
end_of_record
SF:lib\presentation\bloc\movies_bloc\search_movie\search_movie_event.dart
DA:4,1
DA:6,0
DA:7,0
DA:13,1
DA:15,0
DA:16,0
LF:6
LH:2
end_of_record
SF:lib\presentation\bloc\movies_bloc\search_movie\search_movie_bloc.dart
DA:13,3
DA:14,1
DA:15,3
DA:18,2
DA:19,1
DA:21,2
DA:22,3
DA:24,1
DA:25,1
DA:26,3
DA:28,1
DA:29,2
DA:32,1
LF:13
LH:13
end_of_record
SF:lib\presentation\bloc\movies_bloc\watchlist_movie\watchlist_movie_state.dart
DA:4,2
DA:6,0
DA:7,0
DA:13,1
DA:15,1
DA:16,2
DA:20,1
DA:21,1
DA:25,1
DA:26,1
DA:31,1
DA:33,1
DA:34,2
DA:40,2
DA:42,1
DA:43,2
DA:49,1
DA:51,1
DA:52,2
LF:19
LH:17
end_of_record
SF:lib\presentation\bloc\movies_bloc\watchlist_movie\watchlist_movie_bloc.dart
DA:20,1
DA:25,2
DA:26,2
DA:27,2
DA:29,3
DA:31,1
DA:32,1
DA:33,3
DA:35,1
DA:36,1
DA:37,0
DA:39,2
DA:45,2
DA:46,1
DA:48,3
DA:50,2
DA:53,2
DA:54,2
DA:55,1
DA:57,3
DA:59,1
DA:60,1
DA:61,3
DA:63,1
DA:64,2
DA:69,2
DA:70,1
DA:72,3
DA:74,1
DA:75,1
DA:76,3
DA:78,1
DA:79,2
LF:33
LH:32
end_of_record
SF:lib\presentation\bloc\movies_bloc\watchlist_movie\watchlist_movie_event.dart
DA:4,2
DA:6,0
DA:7,0
DA:11,1
DA:12,1
DA:18,2
DA:20,1
DA:21,2
DA:27,2
DA:29,1
DA:30,2
DA:36,1
DA:38,1
DA:39,2
LF:14
LH:12
end_of_record
SF:lib\presentation\bloc\tvseries_bloc\airing_today_tvseries\airing_today_tvseries_state.dart
DA:4,1
DA:6,0
DA:7,0
DA:13,1
DA:15,1
DA:16,2
DA:20,1
DA:21,1
DA:25,1
DA:26,1
DA:32,1
DA:34,1
DA:35,2
LF:13
LH:11
end_of_record
SF:lib\presentation\bloc\tvseries_bloc\airing_today_tvseries\airing_today_tvseries_event.dart
DA:4,1
DA:8,1
DA:9,1
LF:3
LH:3
end_of_record
SF:lib\presentation\bloc\tvseries_bloc\airing_today_tvseries\airing_today_tvseries_bloc.dart
DA:13,1
DA:14,2
DA:15,2
DA:16,2
DA:17,3
DA:19,1
DA:20,1
DA:21,3
DA:23,1
DA:24,1
DA:25,0
DA:27,2
LF:12
LH:11
end_of_record
SF:lib\presentation\bloc\tvseries_bloc\detail_tvseries\detail_tvseries_state.dart
DA:4,2
DA:6,0
DA:7,0
DA:13,2
DA:15,1
DA:16,2
DA:20,1
DA:21,1
DA:25,1
DA:26,1
DA:31,1
DA:33,1
DA:34,2
LF:13
LH:11
end_of_record
SF:lib\presentation\bloc\tvseries_bloc\detail_tvseries\detail_tvseries_bloc.dart
DA:13,3
DA:14,1
DA:15,1
DA:16,1
DA:18,2
DA:19,3
DA:21,1
DA:22,1
DA:23,3
DA:25,1
DA:26,2
LF:11
LH:11
end_of_record
SF:lib\presentation\bloc\tvseries_bloc\detail_tvseries\detail_tvseries_event.dart
DA:4,2
DA:10,2
DA:12,1
DA:13,1
LF:4
LH:4
end_of_record
SF:lib\presentation\bloc\tvseries_bloc\popular_tvseries\popular_tvseries_state.dart
DA:4,2
DA:6,0
DA:7,0
DA:13,1
DA:15,1
DA:16,2
DA:20,1
DA:21,1
DA:25,1
DA:26,1
DA:32,1
DA:34,1
DA:35,2
LF:13
LH:11
end_of_record
SF:lib\presentation\bloc\tvseries_bloc\popular_tvseries\popular_tvseries_bloc.dart
DA:13,1
DA:14,2
DA:15,2
DA:16,2
DA:17,3
DA:19,1
DA:20,1
DA:21,3
DA:23,1
DA:24,1
DA:25,0
DA:27,2
LF:12
LH:11
end_of_record
SF:lib\presentation\bloc\tvseries_bloc\popular_tvseries\popular_tvseries_event.dart
DA:4,2
DA:8,1
DA:9,1
LF:3
LH:3
end_of_record
SF:lib\presentation\bloc\tvseries_bloc\recomendation_tvseries\recomendation_tvseries_bloc.dart
DA:13,1
DA:14,2
DA:15,2
DA:16,1
DA:18,2
DA:19,3
DA:21,1
DA:22,1
DA:23,3
DA:25,1
DA:26,2
LF:11
LH:11
end_of_record
SF:lib\presentation\bloc\tvseries_bloc\recomendation_tvseries\recomendation_tvseries_state.dart
DA:4,2
DA:6,0
DA:7,0
DA:13,2
DA:15,1
DA:16,2
DA:20,1
DA:21,1
DA:25,1
DA:26,1
DA:31,1
DA:33,1
DA:34,2
LF:13
LH:11
end_of_record
SF:lib\presentation\bloc\tvseries_bloc\recomendation_tvseries\recomendation_tvseries_event.dart
DA:4,2
DA:10,2
DA:12,1
DA:13,1
LF:4
LH:4
end_of_record
SF:lib\presentation\bloc\tvseries_bloc\top_rated_tvseries\top_rated_tvseries_state.dart
DA:4,2
DA:6,0
DA:7,0
DA:13,1
DA:15,1
DA:16,2
DA:20,1
DA:21,1
DA:25,1
DA:26,1
DA:32,1
DA:34,1
DA:35,2
LF:13
LH:11
end_of_record
SF:lib\presentation\bloc\tvseries_bloc\top_rated_tvseries\top_rated_tvseries_event.dart
DA:4,2
DA:8,1
DA:9,1
LF:3
LH:3
end_of_record
SF:lib\presentation\bloc\tvseries_bloc\top_rated_tvseries\top_rated_tvseries_bloc.dart
DA:13,1
DA:14,2
DA:15,2
DA:16,2
DA:17,3
DA:19,1
DA:20,1
DA:21,3
DA:23,1
DA:24,1
DA:25,0
DA:27,2
LF:12
LH:11
end_of_record
SF:lib\presentation\bloc\tvseries_bloc\watchlist_tvseries\watchlist_tvseries_event.dart
DA:4,2
DA:6,0
DA:7,0
DA:11,1
DA:12,1
DA:18,2
DA:20,1
DA:21,2
DA:27,2
DA:29,1
DA:30,2
DA:36,1
DA:38,1
DA:39,2
LF:14
LH:12
end_of_record
SF:lib\presentation\bloc\tvseries_bloc\watchlist_tvseries\watchlist_tvseries_state.dart
DA:4,2
DA:6,0
DA:7,0
DA:13,1
DA:15,1
DA:16,2
DA:20,1
DA:21,1
DA:25,1
DA:26,1
DA:31,1
DA:33,1
DA:34,2
DA:40,2
DA:42,1
DA:43,2
DA:49,1
DA:51,1
DA:52,2
LF:19
LH:17
end_of_record
SF:lib\presentation\bloc\tvseries_bloc\watchlist_tvseries\watchlist_tvseries_bloc.dart
DA:20,1
DA:25,2
DA:26,2
DA:27,2
DA:29,3
DA:31,1
DA:32,1
DA:33,3
DA:35,1
DA:36,1
DA:37,0
DA:39,2
DA:45,2
DA:46,1
DA:48,3
DA:50,2
DA:53,2
DA:54,2
DA:55,1
DA:57,3
DA:59,1
DA:60,1
DA:61,3
DA:63,1
DA:64,2
DA:69,2
DA:70,1
DA:72,3
DA:74,1
DA:75,1
DA:76,3
DA:78,1
DA:79,2
LF:33
LH:32
end_of_record
SF:lib\presentation\bloc\tvseries_bloc\search_tvseries\search_tvseries_event.dart
DA:4,1
DA:6,0
DA:7,0
DA:13,1
DA:15,0
DA:16,0
LF:6
LH:2
end_of_record
SF:lib\presentation\bloc\tvseries_bloc\search_tvseries\search_tvseries_state.dart
DA:4,1
DA:6,1
DA:7,1
DA:13,1
DA:15,1
DA:16,2
DA:26,1
DA:28,1
DA:29,2
LF:9
LH:9
end_of_record
SF:lib\presentation\bloc\tvseries_bloc\search_tvseries\search_tvseries_bloc.dart
DA:13,3
DA:14,1
DA:15,3
DA:18,2
DA:19,1
DA:21,2
DA:22,3
DA:24,1
DA:25,1
DA:26,3
DA:28,1
DA:29,2
DA:32,1
LF:13
LH:13
end_of_record
SF:lib\presentation\pages\movie_detail_page.dart
DA:17,1
DA:19,1
DA:20,1
DA:24,1
DA:26,1
DA:27,2
DA:28,6
DA:29,1
DA:30,1
DA:31,4
DA:32,6
DA:36,1
DA:38,2
DA:39,2
DA:40,2
DA:45,1
DA:46,1
DA:47,1
DA:48,1
DA:49,1
DA:50,1
DA:52,1
DA:53,1
DA:54,1
DA:55,1
DA:60,0
DA:61,0
DA:62,0
DA:65,0
DA:77,1
DA:79,1
DA:80,1
DA:84,1
DA:86,3
DA:87,1
DA:88,1
DA:89,1
DA:90,4
DA:92,2
DA:93,1
DA:95,0
DA:97,1
DA:99,1
DA:100,1
DA:101,1
DA:102,1
DA:104,2
DA:111,1
DA:112,1
DA:113,1
DA:115,1
DA:117,1
DA:119,1
DA:120,1
DA:121,3
DA:122,1
DA:124,1
DA:125,1
DA:126,2
DA:128,1
DA:129,4
DA:132,0
DA:133,0
DA:137,1
DA:138,1
DA:143,1
DA:144,1
DA:145,1
DA:151,0
DA:158,1
DA:159,0
DA:160,2
DA:161,1
DA:162,1
DA:163,1
DA:165,0
DA:166,0
DA:173,0
DA:175,0
DA:176,0
DA:177,0
DA:182,2
DA:183,2
DA:184,2
DA:187,1
DA:189,1
DA:190,2
DA:191,1
DA:192,1
DA:193,1
DA:197,1
DA:198,4
DA:200,1
DA:201,4
DA:203,1
DA:204,1
DA:205,1
DA:206,4
DA:208,2
DA:214,5
DA:217,1
DA:218,1
DA:220,1
DA:222,1
DA:223,3
DA:225,1
DA:226,1
DA:228,1
DA:230,1
DA:232,1
DA:233,1
DA:234,0
DA:235,0
DA:237,1
DA:238,0
DA:239,0
DA:240,0
DA:243,1
DA:244,1
DA:245,1
DA:247,1
DA:249,1
DA:250,1
DA:251,1
DA:253,1
DA:254,0
DA:255,0
DA:258,0
DA:261,1
DA:262,1
DA:263,1
DA:265,1
DA:267,2
DA:268,1
DA:269,1
DA:271,1
DA:274,0
DA:275,0
DA:281,1
DA:285,0
DA:293,1
DA:295,1
DA:310,1
DA:312,1
DA:315,1
DA:316,1
DA:317,0
DA:318,0
DA:327,1
DA:329,2
DA:330,3
DA:333,1
DA:337,3
DA:340,1
DA:341,1
DA:342,1
DA:344,1
DA:345,1
DA:347,0
LF:159
LH:130
end_of_record
SF:lib\common\constants.dart
DA:15,4
DA:16,2
DA:17,6
DA:19,0
DA:21,0
DA:25,0
DA:26,0
DA:27,0
DA:28,0
DA:29,0
LF:10
LH:3
end_of_record
SF:lib\common\utils.dart
DA:3,0
LF:1
LH:0
end_of_record
SF:lib\presentation\pages\watchlist_movies_page.dart
DA:10,0
DA:11,0
DA:16,0
DA:18,0
DA:19,0
DA:20,0
DA:24,0
DA:26,0
DA:27,0
DA:30,0
DA:31,0
DA:34,0
DA:36,0
DA:37,0
DA:38,0
DA:40,0
DA:42,0
DA:43,0
DA:44,0
DA:45,0
DA:46,0
DA:48,0
DA:49,0
DA:50,0
DA:51,0
DA:52,0
DA:53,0
DA:54,0
DA:55,0
DA:56,0
DA:58,0
DA:63,0
DA:64,0
DA:65,0
DA:67,0
DA:68,0
DA:69,0
DA:72,0
DA:73,0
DA:74,0
DA:83,0
DA:85,0
DA:86,0
LF:43
LH:0
end_of_record
SF:lib\presentation\widgets\movie_card_list.dart
DA:10,0
DA:12,0
DA:14,0
DA:16,0
DA:17,0
DA:18,0
DA:21,0
DA:24,0
DA:26,0
DA:27,0
DA:28,0
DA:34,0
DA:36,0
DA:37,0
DA:38,0
DA:41,0
DA:43,0
DA:44,0
DA:45,0
DA:53,0
DA:58,0
DA:59,0
DA:60,0
DA:62,0
DA:63,0
DA:65,0
DA:67,0
LF:27
LH:0
end_of_record
SF:lib\presentation\pages\popular_movies_page.dart
DA:9,1
DA:10,1
DA:14,1
DA:16,1
DA:17,2
DA:18,4
DA:22,1
DA:24,1
DA:25,1
DA:26,1
DA:28,1
DA:30,1
DA:31,1
DA:32,1
DA:33,1
DA:34,1
DA:36,0
DA:37,0
DA:38,0
DA:39,0
DA:40,0
DA:41,0
DA:43,0
DA:45,0
DA:46,0
DA:47,0
DA:48,0
DA:51,0
DA:52,0
DA:53,0
LF:30
LH:16
end_of_record
SF:lib\presentation\pages\popular_tvseries_page.dart
DA:11,1
DA:12,1
DA:16,1
DA:18,1
DA:19,2
DA:20,4
DA:24,1
DA:26,1
DA:27,1
DA:28,1
DA:30,1
DA:32,1
DA:33,1
DA:34,1
DA:35,1
DA:36,1
DA:38,0
DA:39,0
DA:40,0
DA:41,0
DA:42,0
DA:43,0
DA:45,0
DA:47,0
DA:48,0
DA:49,0
DA:50,0
DA:53,0
DA:54,0
DA:55,0
LF:30
LH:16
end_of_record
SF:lib\common\state_enum.dart
DA:1,3
LF:1
LH:1
end_of_record
SF:lib\presentation\widgets\tvseries_card_list.dart
DA:10,0
DA:12,0
DA:14,0
DA:16,0
DA:17,0
DA:18,0
DA:21,0
DA:24,0
DA:26,0
DA:27,0
DA:28,0
DA:34,0
DA:36,0
DA:37,0
DA:38,0
DA:41,0
DA:43,0
DA:44,0
DA:45,0
DA:53,0
DA:58,0
DA:59,0
DA:60,0
DA:62,0
DA:63,0
DA:65,0
DA:67,0
LF:27
LH:0
end_of_record
SF:lib\presentation\pages\tvseries_detail_page.dart
DA:17,1
DA:19,1
DA:20,1
DA:24,1
DA:26,1
DA:27,2
DA:28,6
DA:29,1
DA:30,1
DA:31,4
DA:32,6
DA:36,1
DA:39,2
DA:40,2
DA:41,2
DA:46,1
DA:47,1
DA:48,1
DA:49,1
DA:50,1
DA:51,1
DA:53,1
DA:54,1
DA:55,1
DA:56,1
DA:61,0
DA:62,0
DA:63,0
DA:66,0
DA:78,1
DA:80,1
DA:81,1
DA:85,1
DA:87,3
DA:88,1
DA:89,1
DA:90,1
DA:92,4
DA:94,2
DA:95,1
DA:97,0
DA:99,1
DA:101,1
DA:102,1
DA:103,1
DA:104,1
DA:106,2
DA:113,1
DA:114,1
DA:115,1
DA:117,1
DA:119,1
DA:121,1
DA:122,1
DA:123,3
DA:124,1
DA:126,1
DA:127,1
DA:128,2
DA:129,2
DA:130,3
DA:132,0
DA:133,0
DA:137,1
DA:139,1
DA:144,1
DA:145,1
DA:146,1
DA:152,0
DA:159,1
DA:160,0
DA:161,2
DA:162,1
DA:163,1
DA:164,1
DA:166,0
DA:167,0
DA:174,0
DA:176,0
DA:177,0
DA:178,0
DA:183,2
DA:184,2
DA:185,2
DA:188,1
DA:190,1
DA:191,2
DA:192,1
DA:193,1
DA:194,1
DA:198,1
DA:199,4
DA:201,1
DA:202,1
DA:203,3
DA:204,3
DA:206,1
DA:207,1
DA:208,1
DA:209,4
DA:211,2
DA:217,5
DA:220,1
DA:221,1
DA:223,1
DA:225,1
DA:226,3
DA:228,1
DA:229,1
DA:231,1
DA:233,1
DA:235,1
DA:236,1
DA:237,0
DA:238,0
DA:241,1
DA:242,0
DA:244,1
DA:245,1
DA:246,1
DA:248,1
DA:250,1
DA:251,1
DA:252,1
DA:254,1
DA:255,0
DA:256,0
DA:259,0
DA:262,1
DA:263,1
DA:264,1
DA:266,1
DA:268,2
DA:269,1
DA:270,1
DA:272,1
DA:275,0
DA:276,0
DA:282,1
DA:286,0
DA:294,1
DA:296,1
DA:311,1
DA:313,1
DA:316,1
DA:317,1
DA:318,0
DA:319,0
DA:328,1
DA:330,2
DA:331,3
DA:334,1
DA:338,3
DA:341,1
DA:342,1
LF:155
LH:129
end_of_record
SF:lib\presentation\pages\watchlist_tvseries_page.dart
DA:10,0
DA:11,0
DA:16,0
DA:18,0
DA:19,0
DA:20,0
DA:24,0
DA:26,0
DA:27,0
DA:30,0
DA:31,0
DA:34,0
DA:36,0
DA:37,0
DA:38,0
DA:40,0
DA:42,0
DA:43,0
DA:44,0
DA:45,0
DA:46,0
DA:48,0
DA:49,0
DA:50,0
DA:51,0
DA:52,0
DA:53,0
DA:54,0
DA:55,0
DA:56,0
DA:58,0
DA:63,0
DA:64,0
DA:65,0
DA:67,0
DA:68,0
DA:69,0
DA:72,0
DA:73,0
DA:74,0
DA:83,0
DA:85,0
DA:86,0
LF:43
LH:0
end_of_record
SF:lib\presentation\pages\top_rated_movies_page.dart
DA:9,1
DA:10,1
DA:14,1
DA:16,1
DA:17,2
DA:18,4
DA:22,1
DA:24,1
DA:25,1
DA:26,1
DA:28,1
DA:30,1
DA:31,1
DA:32,1
DA:33,1
DA:34,1
DA:36,0
DA:37,0
DA:38,0
DA:39,0
DA:40,0
DA:41,0
DA:43,0
DA:45,0
DA:46,0
DA:47,0
DA:48,0
DA:51,0
DA:52,0
DA:53,0
LF:30
LH:16
end_of_record
SF:lib\presentation\pages\top_rated_tvseries_page.dart
DA:9,1
DA:10,1
DA:14,1
DA:16,1
DA:17,2
DA:18,4
DA:22,1
DA:24,1
DA:25,1
DA:26,1
DA:28,1
DA:30,1
DA:31,1
DA:32,1
DA:33,1
DA:34,1
DA:36,0
DA:37,0
DA:38,0
DA:39,0
DA:40,0
DA:41,0
DA:43,0
DA:45,0
DA:46,0
DA:47,0
DA:48,0
DA:51,0
DA:52,0
DA:53,0
LF:30
LH:16
end_of_record
